<?xml version="1.0" encoding="UTF-8"?>
<!-- Generated by org.testng.reporters.JUnitXMLReporter -->
<testsuite ignored="0" hostname="LAPTOP-F5VHM22K" failures="0" tests="1" name="seleniumperfTest" time="22.779" errors="0" timestamp="2025-08-21T17:59:16 IST">
  <testcase classname="seleniumperfTest.SeleniumBrowserMobWithProxy" name="@AfterMethod cleanUp" time="0.001">
    <failure type="java.lang.IllegalStateException" message="Proxy server is already stopped. Cannot re-stop.">
      <![CDATA[java.lang.IllegalStateException: Proxy server is already stopped. Cannot re-stop.
at net.lightbody.bmp.BrowserMobProxyServer.stop(BrowserMobProxyServer.java:417)
at net.lightbody.bmp.BrowserMobProxyServer.stop(BrowserMobProxyServer.java:396)
at seleniumperfTest.SeleniumBrowserMobWithProxy.cleanUp(SeleniumBrowserMobWithProxy.java:59)
at java.base/java.util.ArrayList.forEach(ArrayList.java:1597)
at java.base/java.util.concurrent.FutureTask.run(FutureTask.java:317)
at java.base/java.util.concurrent.ThreadPoolExecutor.runWorker(ThreadPoolExecutor.java:1144)
at java.base/java.util.concurrent.ThreadPoolExecutor$Worker.run(ThreadPoolExecutor.java:642)
at java.base/java.lang.Thread.run(Thread.java:1570)
... Removed 20 stack frames]]>
    </failure>
  </testcase> <!-- @AfterMethod cleanUp -->
  <testcase classname="seleniumperfTest.BaseproxySetUp" name="testWithProxy" time="22.039"/>
</testsuite> <!-- seleniumperfTest -->
