<?xml version="1.0" encoding="UTF-8"?>
<testng-results ignored="0" total="1" passed="1" failed="0" skipped="0">
  <reporter-output>
  </reporter-output>
  <suite started-at="2025-08-21T17:58:53 IST" name="Suite" finished-at="2025-08-21T17:59:16 IST" duration-ms="22779">
    <groups>
    </groups>
    <test started-at="2025-08-21T17:58:53 IST" name="seleniumperfTest" finished-at="2025-08-21T17:59:16 IST" duration-ms="22779">
      <class name="seleniumperfTest.BaseproxySetUp">
        <test-method is-config="true" signature="startBrowserMobProxy()[pri:0, instance:seleniumperfTest.BaseproxySetUp@10c07b8d]" started-at="2025-08-21T17:58:53 IST" name="startBrowserMobProxy" finished-at="2025-08-21T17:58:54 IST" duration-ms="685" status="PASS">
          <reporter-output>
          </reporter-output>
        </test-method> <!-- startBrowserMobProxy -->
        <test-method signature="testWithProxy()[pri:0, instance:seleniumperfTest.BaseproxySetUp@10c07b8d]" started-at="2025-08-21T17:58:54 IST" name="testWithProxy" finished-at="2025-08-21T17:59:16 IST" duration-ms="22039" status="PASS">
          <reporter-output>
          </reporter-output>
        </test-method> <!-- testWithProxy -->
        <test-method is-config="true" signature="writeHarFile()[pri:0, instance:seleniumperfTest.BaseproxySetUp@10c07b8d]" started-at="2025-08-21T17:59:16 IST" name="writeHarFile" finished-at="2025-08-21T17:59:16 IST" duration-ms="3" status="PASS">
          <reporter-output>
          </reporter-output>
        </test-method> <!-- writeHarFile -->
        <test-method is-config="true" signature="cleanUp()[pri:0, instance:seleniumperfTest.BaseproxySetUp@10c07b8d]" started-at="2025-08-21T17:59:16 IST" name="cleanUp" finished-at="2025-08-21T17:59:16 IST" depends-on-methods="seleniumperfTest.SeleniumBrowserMobWithProxy.writeHarFile" duration-ms="1" status="FAIL">
          <exception class="java.lang.IllegalStateException">
            <message>
              <![CDATA[Proxy server is already stopped. Cannot re-stop.]]>
            </message>
            <full-stacktrace>
              <![CDATA[java.lang.IllegalStateException: Proxy server is already stopped. Cannot re-stop.
at net.lightbody.bmp.BrowserMobProxyServer.stop(BrowserMobProxyServer.java:417)
at net.lightbody.bmp.BrowserMobProxyServer.stop(BrowserMobProxyServer.java:396)
at seleniumperfTest.SeleniumBrowserMobWithProxy.cleanUp(SeleniumBrowserMobWithProxy.java:59)
at java.base/jdk.internal.reflect.DirectMethodHandleAccessor.invoke(DirectMethodHandleAccessor.java:103)
at java.base/java.lang.reflect.Method.invoke(Method.java:580)
at org.testng.internal.invokers.MethodInvocationHelper.invokeMethod(MethodInvocationHelper.java:141)
at org.testng.internal.invokers.MethodInvocationHelper.invokeMethodConsideringTimeout(MethodInvocationHelper.java:71)
at org.testng.internal.invokers.ConfigInvoker.invokeConfigurationMethod(ConfigInvoker.java:400)
at org.testng.internal.invokers.ConfigInvoker.invokeConfigurations(ConfigInvoker.java:333)
at org.testng.internal.invokers.TestInvoker.runConfigMethods(TestInvoker.java:833)
at org.testng.internal.invokers.TestInvoker.runAfterConfigurations(TestInvoker.java:802)
at org.testng.internal.invokers.TestInvoker.invokeMethod(TestInvoker.java:778)
at org.testng.internal.invokers.TestInvoker.invokeTestMethod(TestInvoker.java:230)
at org.testng.internal.invokers.MethodRunner.runInSequence(MethodRunner.java:63)
at org.testng.internal.invokers.TestInvoker$MethodInvocationAgent.invoke(TestInvoker.java:992)
at org.testng.internal.invokers.TestInvoker.invokeTestMethods(TestInvoker.java:203)
at org.testng.internal.invokers.TestMethodWorker.invokeTestMethods(TestMethodWorker.java:154)
at org.testng.internal.invokers.TestMethodWorker.run(TestMethodWorker.java:134)
at java.base/java.util.ArrayList.forEach(ArrayList.java:1597)
at org.testng.TestRunner.privateRun(TestRunner.java:739)
at org.testng.TestRunner.run(TestRunner.java:614)
at org.testng.SuiteRunner.runTest(SuiteRunner.java:421)
at org.testng.SuiteRunner$SuiteWorker.run(SuiteRunner.java:463)
at org.testng.internal.thread.ThreadUtil.lambda$execute$0(ThreadUtil.java:64)
at java.base/java.util.concurrent.FutureTask.run(FutureTask.java:317)
at java.base/java.util.concurrent.ThreadPoolExecutor.runWorker(ThreadPoolExecutor.java:1144)
at java.base/java.util.concurrent.ThreadPoolExecutor$Worker.run(ThreadPoolExecutor.java:642)
at java.base/java.lang.Thread.run(Thread.java:1570)
]]>
            </full-stacktrace>
          </exception> <!-- java.lang.IllegalStateException -->
          <reporter-output>
          </reporter-output>
        </test-method> <!-- cleanUp -->
      </class> <!-- seleniumperfTest.BaseproxySetUp -->
    </test> <!-- seleniumperfTest -->
  </suite> <!-- Suite -->
</testng-results>
